<?xml version="1.0" encoding="UTF-8"?>
<!-- Generated by org.testng.reporters.JUnitReportReporter -->
<testsuite hostname="ravi" name="Salseforce_POM_casestudy.VerifyLogin" tests="1" failures="0" timestamp="12 Apr 2022 10:16:10 GMT" time="4.010" errors="0">
  <testcase name="TestUser" time="4.010" classname="Salseforce_POM_casestudy.VerifyLogin"/>
</testsuite> <!-- Salseforce_POM_casestudy.VerifyLogin -->
